cl : command line  warning D9035: option 'Gm' has been deprecated and will be removed in a future release
  Assignment_2.cpp
TL-Engine2019Debug.lib(TL-Engine.obj) : warning LNK4099: PDB 'TL-Engine.pdb' was not found with 'TL-Engine2019Debug.lib(TL-Engine.obj)' or at 'C:\Users\User\Desktop\1st Year\Game concepts\Assignment(sem 2) materials\Assignment_2\TL-Engine.pdb'; linking object as if no debug info
TL-Engine2019Debug.lib(Errors.obj) : warning LNK4099: PDB 'Common.pdb' was not found with 'TL-Engine2019Debug.lib(Errors.obj)' or at 'C:\Users\User\Desktop\1st Year\Game concepts\Assignment(sem 2) materials\Assignment_2\Common.pdb'; linking object as if no debug info
TL-Engine2019Debug.lib(TLXSprite.obj) : warning LNK4099: PDB '3DEngine.pdb' was not found with 'TL-Engine2019Debug.lib(TLXSprite.obj)' or at 'C:\Users\User\Desktop\1st Year\Game concepts\Assignment(sem 2) materials\Assignment_2\3DEngine.pdb'; linking object as if no debug info
TL-Engine2019Debug.lib(TLXSceneNode.obj) : warning LNK4099: PDB '3DEngine.pdb' was not found with 'TL-Engine2019Debug.lib(TLXSceneNode.obj)' or at 'C:\Users\User\Desktop\1st Year\Game concepts\Assignment(sem 2) materials\Assignment_2\3DEngine.pdb'; linking object as if no debug info
TL-Engine2019Debug.lib(TLXModelNode.obj) : warning LNK4099: PDB '3DEngine.pdb' was not found with 'TL-Engine2019Debug.lib(TLXModelNode.obj)' or at 'C:\Users\User\Desktop\1st Year\Game concepts\Assignment(sem 2) materials\Assignment_2\3DEngine.pdb'; linking object as if no debug info
TL-Engine2019Debug.lib(TLXModel.obj) : warning LNK4099: PDB '3DEngine.pdb' was not found with 'TL-Engine2019Debug.lib(TLXModel.obj)' or at 'C:\Users\User\Desktop\1st Year\Game concepts\Assignment(sem 2) materials\Assignment_2\3DEngine.pdb'; linking object as if no debug info
TL-Engine2019Debug.lib(TLXMesh.obj) : warning LNK4099: PDB '3DEngine.pdb' was not found with 'TL-Engine2019Debug.lib(TLXMesh.obj)' or at 'C:\Users\User\Desktop\1st Year\Game concepts\Assignment(sem 2) materials\Assignment_2\3DEngine.pdb'; linking object as if no debug info
TL-Engine2019Debug.lib(TLXLight.obj) : warning LNK4099: PDB '3DEngine.pdb' was not found with 'TL-Engine2019Debug.lib(TLXLight.obj)' or at 'C:\Users\User\Desktop\1st Year\Game concepts\Assignment(sem 2) materials\Assignment_2\3DEngine.pdb'; linking object as if no debug info
TL-Engine2019Debug.lib(TLXFont.obj) : warning LNK4099: PDB '3DEngine.pdb' was not found with 'TL-Engine2019Debug.lib(TLXFont.obj)' or at 'C:\Users\User\Desktop\1st Year\Game concepts\Assignment(sem 2) materials\Assignment_2\3DEngine.pdb'; linking object as if no debug info
TL-Engine2019Debug.lib(TLXEngine.obj) : warning LNK4099: PDB '3DEngine.pdb' was not found with 'TL-Engine2019Debug.lib(TLXEngine.obj)' or at 'C:\Users\User\Desktop\1st Year\Game concepts\Assignment(sem 2) materials\Assignment_2\3DEngine.pdb'; linking object as if no debug info
TL-Engine2019Debug.lib(TLXCamera.obj) : warning LNK4099: PDB '3DEngine.pdb' was not found with 'TL-Engine2019Debug.lib(TLXCamera.obj)' or at 'C:\Users\User\Desktop\1st Year\Game concepts\Assignment(sem 2) materials\Assignment_2\3DEngine.pdb'; linking object as if no debug info
TL-Engine2019Debug.lib(IrrlichtSceneNode.obj) : warning LNK4099: PDB '3DEngine.pdb' was not found with 'TL-Engine2019Debug.lib(IrrlichtSceneNode.obj)' or at 'C:\Users\User\Desktop\1st Year\Game concepts\Assignment(sem 2) materials\Assignment_2\3DEngine.pdb'; linking object as if no debug info
TL-Engine2019Debug.lib(IrrlichtModel.obj) : warning LNK4099: PDB '3DEngine.pdb' was not found with 'TL-Engine2019Debug.lib(IrrlichtModel.obj)' or at 'C:\Users\User\Desktop\1st Year\Game concepts\Assignment(sem 2) materials\Assignment_2\3DEngine.pdb'; linking object as if no debug info
TL-Engine2019Debug.lib(IrrlichtMesh.obj) : warning LNK4099: PDB '3DEngine.pdb' was not found with 'TL-Engine2019Debug.lib(IrrlichtMesh.obj)' or at 'C:\Users\User\Desktop\1st Year\Game concepts\Assignment(sem 2) materials\Assignment_2\3DEngine.pdb'; linking object as if no debug info
TL-Engine2019Debug.lib(IrrlichtLight.obj) : warning LNK4099: PDB '3DEngine.pdb' was not found with 'TL-Engine2019Debug.lib(IrrlichtLight.obj)' or at 'C:\Users\User\Desktop\1st Year\Game concepts\Assignment(sem 2) materials\Assignment_2\3DEngine.pdb'; linking object as if no debug info
TL-Engine2019Debug.lib(IrrlichtInput.obj) : warning LNK4099: PDB '3DEngine.pdb' was not found with 'TL-Engine2019Debug.lib(IrrlichtInput.obj)' or at 'C:\Users\User\Desktop\1st Year\Game concepts\Assignment(sem 2) materials\Assignment_2\3DEngine.pdb'; linking object as if no debug info
TL-Engine2019Debug.lib(IrrlichtFont.obj) : warning LNK4099: PDB '3DEngine.pdb' was not found with 'TL-Engine2019Debug.lib(IrrlichtFont.obj)' or at 'C:\Users\User\Desktop\1st Year\Game concepts\Assignment(sem 2) materials\Assignment_2\3DEngine.pdb'; linking object as if no debug info
TL-Engine2019Debug.lib(IrrlichtEngine.obj) : warning LNK4099: PDB '' was not found with 'TL-Engine2019Debug.lib(IrrlichtEngine.obj)' or at ''; linking object as if no debug info
TL-Engine2019Debug.lib(IrrlichtCamera.obj) : warning LNK4099: PDB '3DEngine.pdb' was not found with 'TL-Engine2019Debug.lib(IrrlichtCamera.obj)' or at 'C:\Users\User\Desktop\1st Year\Game concepts\Assignment(sem 2) materials\Assignment_2\3DEngine.pdb'; linking object as if no debug info
  Assignment_2.vcxproj -> C:\Users\User\Desktop\1st Year\Game concepts\Assignment(sem 2) materials\Assignment_2\Assignment_2Debug.exe
  Copying DLLs & shaders...
